Determining if the pthread_create exist failed with the following output:
Change Dir: /home/s_nepal/kitty_velodyne_visualizer/CMakeFiles/CMakeTmp

Run Build Command:"/usr/bin/make" "cmTC_6e137/fast"
/usr/bin/make -f CMakeFiles/cmTC_6e137.dir/build.make CMakeFiles/cmTC_6e137.dir/build
make[1]: Entering directory `/home/s_nepal/kitty_velodyne_visualizer/CMakeFiles/CMakeTmp'
Building C object CMakeFiles/cmTC_6e137.dir/CheckSymbolExists.c.o
/usr/bin/cc     -o CMakeFiles/cmTC_6e137.dir/CheckSymbolExists.c.o   -c /home/s_nepal/kitty_velodyne_visualizer/CMakeFiles/CMakeTmp/CheckSymbolExists.c
Linking C executable cmTC_6e137
/usr/local/bin/cmake -E cmake_link_script CMakeFiles/cmTC_6e137.dir/link.txt --verbose=1
/usr/bin/cc       CMakeFiles/cmTC_6e137.dir/CheckSymbolExists.c.o  -o cmTC_6e137 -rdynamic 
CMakeFiles/cmTC_6e137.dir/CheckSymbolExists.c.o: In function `main':
CheckSymbolExists.c:(.text+0x16): undefined reference to `pthread_create'
collect2: error: ld returned 1 exit status
make[1]: *** [cmTC_6e137] Error 1
make[1]: Leaving directory `/home/s_nepal/kitty_velodyne_visualizer/CMakeFiles/CMakeTmp'
make: *** [cmTC_6e137/fast] Error 2

File /home/s_nepal/kitty_velodyne_visualizer/CMakeFiles/CMakeTmp/CheckSymbolExists.c:
/* */
#include <pthread.h>

int main(int argc, char** argv)
{
  (void)argv;
#ifndef pthread_create
  return ((int*)(&pthread_create))[argc];
#else
  (void)argc;
  return 0;
#endif
}

Determining if the function pthread_create exists in the pthreads failed with the following output:
Change Dir: /home/s_nepal/kitty_velodyne_visualizer/CMakeFiles/CMakeTmp

Run Build Command:"/usr/bin/make" "cmTC_53974/fast"
/usr/bin/make -f CMakeFiles/cmTC_53974.dir/build.make CMakeFiles/cmTC_53974.dir/build
make[1]: Entering directory `/home/s_nepal/kitty_velodyne_visualizer/CMakeFiles/CMakeTmp'
Building C object CMakeFiles/cmTC_53974.dir/CheckFunctionExists.c.o
/usr/bin/cc    -DCHECK_FUNCTION_EXISTS=pthread_create   -o CMakeFiles/cmTC_53974.dir/CheckFunctionExists.c.o   -c /usr/local/share/cmake-3.7/Modules/CheckFunctionExists.c
Linking C executable cmTC_53974
/usr/local/bin/cmake -E cmake_link_script CMakeFiles/cmTC_53974.dir/link.txt --verbose=1
/usr/bin/cc   -DCHECK_FUNCTION_EXISTS=pthread_create    CMakeFiles/cmTC_53974.dir/CheckFunctionExists.c.o  -o cmTC_53974 -rdynamic -lpthreads 
/usr/bin/ld: cannot find -lpthreads
collect2: error: ld returned 1 exit status
make[1]: *** [cmTC_53974] Error 1
make[1]: Leaving directory `/home/s_nepal/kitty_velodyne_visualizer/CMakeFiles/CMakeTmp'
make: *** [cmTC_53974/fast] Error 2


